0 info it worked if it ends with ok
1 verbose cli [ 'C:\\Program Files\\nodejs\\node.exe',
1 verbose cli   'C:\\Program Files\\nodejs\\node_modules\\npm\\bin\\npm-cli.js',
1 verbose cli   'run',
1 verbose cli   'build' ]
2 info using npm@3.10.10
3 info using node@v6.11.3
4 verbose run-script [ 'prebuild', 'build', 'postbuild' ]
5 info lifecycle helloTS@1.0.0~prebuild: helloTS@1.0.0
6 silly lifecycle helloTS@1.0.0~prebuild: no script for prebuild, continuing
7 info lifecycle helloTS@1.0.0~build: helloTS@1.0.0
8 verbose lifecycle helloTS@1.0.0~build: unsafe-perm in lifecycle true
9 verbose lifecycle helloTS@1.0.0~build: PATH: C:\Program Files\nodejs\node_modules\npm\bin\node-gyp-bin;C:\Users\Michał\Desktop\projekty\frontend\lab6\helloTS\node_modules\.bin;C:\Program Files\Git\cmd;;C:\ProgramData\Oracle\Java\javapath;C:\WINDOWS\system32;C:\WINDOWS;C:\WINDOWS\System32\Wbem;C:\WINDOWS\System32\WindowsPowerShell\v1.0\;C:\Program Files\Java\jdk1.8.0_74\bin;C:\Android\openssl;C:\Program Files\Microsoft SQL Server\120\Tools\Binn\;C:\Program Files\Microsoft SQL Server\130\Tools\Binn\;C:\Program Files\Git\cmd;C:\Program Files (x86)\WinSCP\;C:\Program Files (x86)\Skype\Phone\;C:\Program Files (x86)\GtkSharp\2.12\bin;C:\Users\Michał\AppData\Roaming\npm;C:\Program Files\nodejs\;C:\sonar-scanner-3.0.3.778-windows\bin;C:\xampp\php;C:\ProgramData\ComposerSetup\bin;C:\Ruby24-x64\bin;C:\Users\Michał\AppData\Local\Microsoft\WindowsApps;C:\Users\Michał\AppData\Roaming\npm;C:\Users\Michał\AppData\Roaming\Composer\vendor\bin;;C:\Program Files\Microsoft VS Code\bin
10 verbose lifecycle helloTS@1.0.0~build: CWD: C:\Users\Michał\Desktop\projekty\frontend\lab6\helloTS
11 silly lifecycle helloTS@1.0.0~build: Args: [ '/d /s /c',
11 silly lifecycle   'tsc --emitDeclarationOnly && babel src --out-dir lib --extensions ".ts,.tsx"' ]
12 silly lifecycle helloTS@1.0.0~build: Returned: code: 1  signal: null
13 info lifecycle helloTS@1.0.0~build: Failed to exec build script
14 verbose stack Error: helloTS@1.0.0 build: `tsc --emitDeclarationOnly && babel src --out-dir lib --extensions ".ts,.tsx"`
14 verbose stack Exit status 1
14 verbose stack     at EventEmitter.<anonymous> (C:\Program Files\nodejs\node_modules\npm\lib\utils\lifecycle.js:255:16)
14 verbose stack     at emitTwo (events.js:106:13)
14 verbose stack     at EventEmitter.emit (events.js:191:7)
14 verbose stack     at ChildProcess.<anonymous> (C:\Program Files\nodejs\node_modules\npm\lib\utils\spawn.js:40:14)
14 verbose stack     at emitTwo (events.js:106:13)
14 verbose stack     at ChildProcess.emit (events.js:191:7)
14 verbose stack     at maybeClose (internal/child_process.js:920:16)
14 verbose stack     at Process.ChildProcess._handle.onexit (internal/child_process.js:230:5)
15 verbose pkgid helloTS@1.0.0
16 verbose cwd C:\Users\Michał\Desktop\projekty\frontend\lab6\helloTS
17 error Windows_NT 10.0.16299
18 error argv "C:\\Program Files\\nodejs\\node.exe" "C:\\Program Files\\nodejs\\node_modules\\npm\\bin\\npm-cli.js" "run" "build"
19 error node v6.11.3
20 error npm  v3.10.10
21 error code ELIFECYCLE
22 error helloTS@1.0.0 build: `tsc --emitDeclarationOnly && babel src --out-dir lib --extensions ".ts,.tsx"`
22 error Exit status 1
23 error Failed at the helloTS@1.0.0 build script 'tsc --emitDeclarationOnly && babel src --out-dir lib --extensions ".ts,.tsx"'.
23 error Make sure you have the latest version of node.js and npm installed.
23 error If you do, this is most likely a problem with the helloTS package,
23 error not with npm itself.
23 error Tell the author that this fails on your system:
23 error     tsc --emitDeclarationOnly && babel src --out-dir lib --extensions ".ts,.tsx"
23 error You can get information on how to open an issue for this project with:
23 error     npm bugs helloTS
23 error Or if that isn't available, you can get their info via:
23 error     npm owner ls helloTS
23 error There is likely additional logging output above.
24 verbose exit [ 1, true ]
